2025-09-30 23:04:16 [INFO] === Inicio del proceso ===
2025-09-30 23:04:16 [INFO] CSV: /data/in/sabana_porcentaje_20250928_210114.csv
2025-09-30 23:04:16 [INFO] Salida: /data/out
2025-09-30 23:04:16 [INFO] Log a archivo: /data/out/runtime.log
2025-09-30 23:04:16 [DEBUG] Intentando leer CSV con auto-detección (utf-8-sig, sep=None, engine=python)…
2025-09-30 23:04:16 [DEBUG] Encabezados detectados (normalizados): ['ID', 'FACTURA_ID', 'SERVICIO_ID', 'ORIGIN', 'NIT', 'RAZON_SOCIAL', 'NUMERO_FACTURA', 'FECHA_INICIO', 'FECHA_FIN', 'MODALIDAD', 'REGIMEN', 'COBERTURA', 'CONTRATO', 'TIPO_DOCUMENTO', 'NUMERO_DOCUMENTO', 'PRIMER_NOMBRE', 'SEGUNDO_NOMBRE', 'PRIMER_APELLIDO', 'SEGUNDO_APELLIDO', 'GENERO', 'CODIGO_SERVICIO', 'DESCRIPCION_SERVICIO', 'CANTIDAD_SERVICIO', 'VALOR_UNITARIO_SERVICIO', 'VALOR_TOTAL_SERVICIO', 'CODIGOS_GLOSA', 'OBSERVACIONES_GLOSAS', 'VALOR_GLOSA', 'VALOR_APROBADO', 'ESTADO_RESPUESTA', 'NUMERO_DE_AUTORIZACION', 'RESPUESTA_DE_IPS', 'VALOR_ACEPTADO_POR_IPS', 'VALOR_ACEPTADO_POR_EPS', 'VALOR_RATIFICADO_EPS', 'OBSERVACIONES']
2025-09-30 23:04:16 [INFO] Validando estructura y reglas (CSV)…
2025-09-30 23:04:16 [INFO] Validaciones CSV OK ✅
2025-09-30 23:04:16 [INFO] Validando contra MySQL e insertando masivamente (IDs a procesar: 26)…
2025-09-30 23:04:16 [INFO] Conectando a MySQL en utamsys-db-dev.cdacuq2kuzcp.us-east-1.rds.amazonaws.com:3306/coosalud_febrero …
2025-09-30 23:04:17 [INFO] Conexión MySQL OK.
2025-09-30 23:04:17 [DEBUG] Verificando conciliaciones existentes en lotes…
2025-09-30 23:04:17 [INFO] IDs ya conciliados detectados: 26
2025-09-30 23:04:17 [INFO] Todos los servicios del CSV ya estaban conciliados; generando reporte base…
2025-09-30 23:04:19 [ERROR] No se pudo registrar el acta en conciliation_acts: (1062, "Duplicate entry '' for key 'conciliation_acta_files.PRIMARY'")
2025-09-30 23:04:19 [INFO] Actas de conciliación generadas:
2025-09-30 23:04:19 [INFO]   - NIT 800024834: /data/out/actas_conciliacion/acta_conciliacion_800024834_20250930_230418.xlsx
2025-09-30 23:04:19 [INFO] Proceso finalizado. Registros en reporte: 26.
2025-09-30 23:04:19 [INFO] Archivo de éxito generado: /data/out/carga_exitosa_join.csv
2025-09-30 23:04:19 [INFO] === Fin del proceso OK ===
